<?xml version="1.0" encoding="UTF-8"?>
<!-- Generated by org.testng.reporters.JUnitXMLReporter -->
<testsuite hostname="MININT-53TP037" name="Negative" tests="1" failures="1" timestamp="27 Apr 2022 07:37:04 GMT" time="996.924" errors="0">
  <testcase name="feature" time="995.76" classname="com.mindtree.CucumberFramework.stepDefinations.Runner2">
    <failure type="cucumber.runtime.CucumberException" message="org.openqa.selenium.UnsupportedCommandException: Parameters were incorrect. We wanted {&amp;quot;required&amp;quot;:[&amp;quot;using&amp;quot;,&amp;quot;value&amp;quot;]} and you sent []
Command duration or timeout: 915 milliseconds
Build info: version: &amp;apos;3.141.59&amp;apos;, revision: &amp;apos;e82be7d358&amp;apos;, time: &amp;apos;2018-11-14T08:17:03&amp;apos;
System info: host: &amp;apos;MININT-53TP037&amp;apos;, ip: &amp;apos;192.168.1.2&amp;apos;, os.name: &amp;apos;Windows 10&amp;apos;, os.arch: &amp;apos;amd64&amp;apos;, os.version: &amp;apos;10.0&amp;apos;, java.version: &amp;apos;1.8.0_291&amp;apos;
Driver info: io.appium.java_client.ios.IOSDriver
Capabilities {additionalWebviewBundleIds: [G4B2Z3X7X6.G4B2Z3X7X6*], automationName: XCUITest, browserName: , bundleId: com.shakeshack.shakeshackapp, commandTimeouts: {default: 60000}, databaseEnabled: false, deviceContextId: ff0da4ab-f395-4bf7-bb90-dc1..., deviceName: 00008101-001304EC1E86001E, idleTimeout: 90, javascriptEnabled: true, jobUuid: 473c7682a6af416d867e65b1584..., language: en, locale: en_US, locationContextEnabled: false, networkConnectionEnabled: false, newCommandTimeout: 90, noReset: true, orientation: PORTRAIT, platform: MAC, platformName: iOS, platformVersion: 15.4.1, processArguments: {args: [-AppleLanguages, (en-US), -AppleLocale, en_US, -NSLanguages, (en), -AppleLanguages, (en), -NSLanguages, (en), -AppleLocale, en_US], env: {}}, realDevice: true, takesScreenshot: true, testobject_device: iPhone_12_15_real_us, testobject_device_name: iPhone 12, testobject_device_session_id: da91dd15-5c5d-44d7-beab-898..., testobject_platform_name: iOS, testobject_test_report_api_url: https://api.us-west-1.sauce..., testobject_test_report_url: https://app.saucelabs.com/t..., testobject_user_id: ddavisshakeshack, udid: 00008101-001304EC1E86001E, usedCachedDevice: false, webDriverAgentUrl: http://127.0.0.1:5728, webStorageEnabled: false}
Session ID: 2579d819-5c3b-40d9-860e-8d346887c16b
*** Element info: {Using=xpath, value=//XCUIElementTypeButton[@name=&amp;quot;Category Button - Chicken&amp;quot;]}">
      <![CDATA[cucumber.runtime.CucumberException: org.openqa.selenium.UnsupportedCommandException: Parameters were incorrect. We wanted {"required":["using","value"]} and you sent []
Command duration or timeout: 915 milliseconds
Build info: version: '3.141.59', revision: 'e82be7d358', time: '2018-11-14T08:17:03'
System info: host: 'MININT-53TP037', ip: '192.168.1.2', os.name: 'Windows 10', os.arch: 'amd64', os.version: '10.0', java.version: '1.8.0_291'
Driver info: io.appium.java_client.ios.IOSDriver
Capabilities {additionalWebviewBundleIds: [G4B2Z3X7X6.G4B2Z3X7X6*], automationName: XCUITest, browserName: , bundleId: com.shakeshack.shakeshackapp, commandTimeouts: {default: 60000}, databaseEnabled: false, deviceContextId: ff0da4ab-f395-4bf7-bb90-dc1..., deviceName: 00008101-001304EC1E86001E, idleTimeout: 90, javascriptEnabled: true, jobUuid: 473c7682a6af416d867e65b1584..., language: en, locale: en_US, locationContextEnabled: false, networkConnectionEnabled: false, newCommandTimeout: 90, noReset: true, orientation: PORTRAIT, platform: MAC, platformName: iOS, platformVersion: 15.4.1, processArguments: {args: [-AppleLanguages, (en-US), -AppleLocale, en_US, -NSLanguages, (en), -AppleLanguages, (en), -NSLanguages, (en), -AppleLocale, en_US], env: {}}, realDevice: true, takesScreenshot: true, testobject_device: iPhone_12_15_real_us, testobject_device_name: iPhone 12, testobject_device_session_id: da91dd15-5c5d-44d7-beab-898..., testobject_platform_name: iOS, testobject_test_report_api_url: https://api.us-west-1.sauce..., testobject_test_report_url: https://app.saucelabs.com/t..., testobject_user_id: ddavisshakeshack, udid: 00008101-001304EC1E86001E, usedCachedDevice: false, webDriverAgentUrl: http://127.0.0.1:5728, webStorageEnabled: false}
Session ID: 2579d819-5c3b-40d9-860e-8d346887c16b
*** Element info: {Using=xpath, value=//XCUIElementTypeButton[@name="Category Button - Chicken"]}
	at cucumber.api.testng.TestNGCucumberRunner.runCucumber(TestNGCucumberRunner.java:69)
	at cucumber.api.testng.AbstractTestNGCucumberTests.feature(AbstractTestNGCucumberTests.java:21)
	at java.util.concurrent.FutureTask.run(Unknown Source)
	at java.util.concurrent.ThreadPoolExecutor.runWorker(Unknown Source)
	at java.util.concurrent.ThreadPoolExecutor$Worker.run(Unknown Source)
	at java.lang.Thread.run(Unknown Source)
Caused by: org.openqa.selenium.UnsupportedCommandException: Parameters were incorrect. We wanted {"required":["using","value"]} and you sent []
Command duration or timeout: 915 milliseconds
Build info: version: '3.141.59', revision: 'e82be7d358', time: '2018-11-14T08:17:03'
System info: host: 'MININT-53TP037', ip: '192.168.1.2', os.name: 'Windows 10', os.arch: 'amd64', os.version: '10.0', java.version: '1.8.0_291'
Driver info: io.appium.java_client.ios.IOSDriver
Capabilities {additionalWebviewBundleIds: [G4B2Z3X7X6.G4B2Z3X7X6*], automationName: XCUITest, browserName: , bundleId: com.shakeshack.shakeshackapp, commandTimeouts: {default: 60000}, databaseEnabled: false, deviceContextId: ff0da4ab-f395-4bf7-bb90-dc1..., deviceName: 00008101-001304EC1E86001E, idleTimeout: 90, javascriptEnabled: true, jobUuid: 473c7682a6af416d867e65b1584..., language: en, locale: en_US, locationContextEnabled: false, networkConnectionEnabled: false, newCommandTimeout: 90, noReset: true, orientation: PORTRAIT, platform: MAC, platformName: iOS, platformVersion: 15.4.1, processArguments: {args: [-AppleLanguages, (en-US), -AppleLocale, en_US, -NSLanguages, (en), -AppleLanguages, (en), -NSLanguages, (en), -AppleLocale, en_US], env: {}}, realDevice: true, takesScreenshot: true, testobject_device: iPhone_12_15_real_us, testobject_device_name: iPhone 12, testobject_device_session_id: da91dd15-5c5d-44d7-beab-898..., testobject_platform_name: iOS, testobject_test_report_api_url: https://api.us-west-1.sauce..., testobject_test_report_url: https://app.saucelabs.com/t..., testobject_user_id: ddavisshakeshack, udid: 00008101-001304EC1E86001E, usedCachedDevice: false, webDriverAgentUrl: http://127.0.0.1:5728, webStorageEnabled: false}
Session ID: 2579d819-5c3b-40d9-860e-8d346887c16b
*** Element info: {Using=xpath, value=//XCUIElementTypeButton[@name="Category Button - Chicken"]}
	at org.openqa.selenium.remote.ErrorHandler.createThrowable(ErrorHandler.java:214)
	at org.openqa.selenium.remote.ErrorHandler.throwIfResponseFailed(ErrorHandler.java:166)
	at org.openqa.selenium.remote.RemoteWebDriver.execute(RemoteWebDriver.java:586)
	at io.appium.java_client.DefaultGenericMobileDriver.execute(DefaultGenericMobileDriver.java:42)
	at io.appium.java_client.AppiumDriver.execute(AppiumDriver.java:1)
	at io.appium.java_client.ios.IOSDriver.execute(IOSDriver.java:1)
	at org.openqa.selenium.remote.RemoteWebDriver.findElement(RemoteWebDriver.java:323)
	at io.appium.java_client.DefaultGenericMobileDriver.findElement(DefaultGenericMobileDriver.java:62)
	at io.appium.java_client.AppiumDriver.findElement(AppiumDriver.java:1)
	at io.appium.java_client.ios.IOSDriver.findElement(IOSDriver.java:1)
	at org.openqa.selenium.remote.RemoteWebDriver.findElementByXPath(RemoteWebDriver.java:428)
	at io.appium.java_client.DefaultGenericMobileDriver.findElementByXPath(DefaultGenericMobileDriver.java:152)
	at io.appium.java_client.AppiumDriver.findElementByXPath(AppiumDriver.java:1)
	at io.appium.java_client.ios.IOSDriver.findElementByXPath(IOSDriver.java:1)
	at org.openqa.selenium.By$ByXPath.findElement(By.java:353)
	at org.openqa.selenium.remote.RemoteWebDriver.findElement(RemoteWebDriver.java:315)
	at io.appium.java_client.DefaultGenericMobileDriver.findElement(DefaultGenericMobileDriver.java:58)
	at io.appium.java_client.AppiumDriver.findElement(AppiumDriver.java:1)
	at io.appium.java_client.ios.IOSDriver.findElement(IOSDriver.java:1)
	at org.openqa.selenium.support.pagefactory.DefaultElementLocator.findElement(DefaultElementLocator.java:69)
	at org.openqa.selenium.support.pagefactory.internal.LocatingElementHandler.invoke(LocatingElementHandler.java:38)
	at com.sun.proxy.$Proxy20.isDisplayed(Unknown Source)
	at com.mindtree.CucumberFramework.pageObjects.FoodMainMenu.verifyFoodMainMenu(FoodMainMenu.java:82)
	at com.mindtree.CucumberFramework.stepDefinations.ShakeShackIOSE2E.food_main_menu_screen_is_displayed(ShakeShackIOSE2E.java:280)
	at âœ½.And food main menu screen is displayed(features/delivery.feature:146)
... Removed 20 stack frames]]>
    </failure>
  </testcase> <!-- feature -->
</testsuite> <!-- Negative -->
